<?xml version="1.0" encoding="UTF-8"?>
<testng-results skipped="0" failed="0" total="27" passed="27">
  <reporter-output>
  </reporter-output>
  <suite name="Default suite" duration-ms="123805" started-at="2014-09-29T16:09:38Z" finished-at="2014-09-29T16:11:42Z">
    <groups>
    </groups>
    <test name="Default test" duration-ms="123805" started-at="2014-09-29T16:09:38Z" finished-at="2014-09-29T16:11:42Z">
      <class name="com.example.tests.GroupRemovalTests">
        <test-method status="PASS" signature="setUp()[pri:0, instance:com.example.tests.GroupRemovalTests@303f7944]" name="setUp" is-config="true" duration-ms="9583" started-at="2014-09-29T20:09:38Z" finished-at="2014-09-29T20:09:48Z">
          <reporter-output>
          </reporter-output>
        </test-method> <!-- setUp -->
        <test-method status="PASS" signature="deleteGroup()[pri:0, instance:com.example.tests.GroupRemovalTests@303f7944]" name="deleteGroup" duration-ms="1618" started-at="2014-09-29T20:10:15Z" finished-at="2014-09-29T20:10:17Z">
          <reporter-output>
          </reporter-output>
        </test-method> <!-- deleteGroup -->
        <test-method status="PASS" signature="tearDown()[pri:0, instance:com.example.tests.GroupRemovalTests@303f7944]" name="tearDown" is-config="true" duration-ms="1307" started-at="2014-09-29T20:11:41Z" finished-at="2014-09-29T20:11:42Z">
          <reporter-output>
          </reporter-output>
        </test-method> <!-- tearDown -->
      </class> <!-- com.example.tests.GroupRemovalTests -->
      <class name="com.example.tests.GroupCreationTests">
        <test-method status="PASS" signature="createGroupWithValidData(com.example.tests.GroupData)[pri:0, instance:com.example.tests.GroupCreationTests@13edc485]" name="createGroupWithValidData" duration-ms="2544" started-at="2014-09-29T20:10:33Z" data-provider="randomValidGroupGenerator" finished-at="2014-09-29T20:10:35Z">
          <params>
            <param index="0">
              <value>
                <![CDATA[GroupData [groupname=test849445452, header=test-496786522, footer=test-957580646]]]>
              </value>
            </param>
          </params>
          <reporter-output>
          </reporter-output>
        </test-method> <!-- createGroupWithValidData -->
        <test-method status="PASS" signature="createGroupWithValidData(com.example.tests.GroupData)[pri:0, instance:com.example.tests.GroupCreationTests@13edc485]" name="createGroupWithValidData" duration-ms="2497" started-at="2014-09-29T20:10:35Z" data-provider="randomValidGroupGenerator" finished-at="2014-09-29T20:10:38Z">
          <params>
            <param index="0">
              <value>
                <![CDATA[GroupData [groupname=test-1356305389, header=, footer=test906096384]]]>
              </value>
            </param>
          </params>
          <reporter-output>
          </reporter-output>
        </test-method> <!-- createGroupWithValidData -->
        <test-method status="PASS" signature="createGroupWithValidData(com.example.tests.GroupData)[pri:0, instance:com.example.tests.GroupCreationTests@13edc485]" name="createGroupWithValidData" duration-ms="2470" started-at="2014-09-29T20:10:38Z" data-provider="randomValidGroupGenerator" finished-at="2014-09-29T20:10:40Z">
          <params>
            <param index="0">
              <value>
                <![CDATA[GroupData [groupname=, header=, footer=test498868127]]]>
              </value>
            </param>
          </params>
          <reporter-output>
          </reporter-output>
        </test-method> <!-- createGroupWithValidData -->
        <test-method status="PASS" signature="createGroupWithValidData(com.example.tests.GroupData)[pri:0, instance:com.example.tests.GroupCreationTests@13edc485]" name="createGroupWithValidData" duration-ms="2513" started-at="2014-09-29T20:10:40Z" data-provider="randomValidGroupGenerator" finished-at="2014-09-29T20:10:43Z">
          <params>
            <param index="0">
              <value>
                <![CDATA[GroupData [groupname=, header=test651811123, footer=test-1327560442]]]>
              </value>
            </param>
          </params>
          <reporter-output>
          </reporter-output>
        </test-method> <!-- createGroupWithValidData -->
        <test-method status="PASS" signature="createGroupWithValidData(com.example.tests.GroupData)[pri:0, instance:com.example.tests.GroupCreationTests@13edc485]" name="createGroupWithValidData" duration-ms="2519" started-at="2014-09-29T20:10:43Z" data-provider="randomValidGroupGenerator" finished-at="2014-09-29T20:10:45Z">
          <params>
            <param index="0">
              <value>
                <![CDATA[GroupData [groupname=, header=test-613506874, footer=test1049645592]]]>
              </value>
            </param>
          </params>
          <reporter-output>
          </reporter-output>
        </test-method> <!-- createGroupWithValidData -->
      </class> <!-- com.example.tests.GroupCreationTests -->
      <class name="com.example.tests.ContactRemovalTests">
        <test-method status="PASS" signature="deleteContact()[pri:0, instance:com.example.tests.ContactRemovalTests@eb6dcf9]" name="deleteContact" duration-ms="2735" started-at="2014-09-29T20:10:30Z" finished-at="2014-09-29T20:10:33Z">
          <reporter-output>
          </reporter-output>
        </test-method> <!-- deleteContact -->
      </class> <!-- com.example.tests.ContactRemovalTests -->
      <class name="com.example.tests.ContactModificationTests">
        <test-method status="PASS" signature="modifyContactFromDetails(com.example.tests.ContactData)[pri:0, instance:com.example.tests.ContactModificationTests@76566fb]" name="modifyContactFromDetails" duration-ms="5957" started-at="2014-09-29T20:10:45Z" data-provider="randomValidContactGenerator" finished-at="2014-09-29T20:10:51Z">
          <params>
            <param index="0">
              <value>
                <![CDATA[ContactData [firstName=, lastName=test1010110065, address=test-325376606, homePhone=, mobilePhone=test-777126867, workPhone=, email=test1752531759, secondEmail=test1414840433, year=868, secondaryAddress=, secondaryPhone=]]]>
              </value>
            </param>
          </params>
          <reporter-output>
          </reporter-output>
        </test-method> <!-- modifyContactFromDetails -->
        <test-method status="PASS" signature="modifyContactFromDetails(com.example.tests.ContactData)[pri:0, instance:com.example.tests.ContactModificationTests@76566fb]" name="modifyContactFromDetails" duration-ms="6362" started-at="2014-09-29T20:10:51Z" data-provider="randomValidContactGenerator" finished-at="2014-09-29T20:10:58Z">
          <params>
            <param index="0">
              <value>
                <![CDATA[ContactData [firstName=test-1303573029, lastName=, address=test-952463919, homePhone=test1529551245, mobilePhone=, workPhone=, email=test-1518904599, secondEmail=, year=2009, secondaryAddress=test293725931, secondaryPhone=test-1696521923]]]>
              </value>
            </param>
          </params>
          <reporter-output>
          </reporter-output>
        </test-method> <!-- modifyContactFromDetails -->
        <test-method status="PASS" signature="modifyContactFromDetails(com.example.tests.ContactData)[pri:0, instance:com.example.tests.ContactModificationTests@76566fb]" name="modifyContactFromDetails" duration-ms="5083" started-at="2014-09-29T20:10:58Z" data-provider="randomValidContactGenerator" finished-at="2014-09-29T20:11:03Z">
          <params>
            <param index="0">
              <value>
                <![CDATA[ContactData [firstName=test239978187, lastName=test1568357351, address=, homePhone=test1642786307, mobilePhone=, workPhone=test261140289, email=test612640193, secondEmail=test-540945576, year=1300, secondaryAddress=test1813103561, secondaryPhone=]]]>
              </value>
            </param>
          </params>
          <reporter-output>
          </reporter-output>
        </test-method> <!-- modifyContactFromDetails -->
        <test-method status="PASS" signature="modifyContactFromDetails(com.example.tests.ContactData)[pri:0, instance:com.example.tests.ContactModificationTests@76566fb]" name="modifyContactFromDetails" duration-ms="5443" started-at="2014-09-29T20:11:03Z" data-provider="randomValidContactGenerator" finished-at="2014-09-29T20:11:08Z">
          <params>
            <param index="0">
              <value>
                <![CDATA[ContactData [firstName=test-1468674877, lastName=test-1473003732, address=test2134431900, homePhone=, mobilePhone=test-1208722800, workPhone=test1460606600, email=test-1711319445, secondEmail=, year=785, secondaryAddress=, secondaryPhone=test-209853341]]]>
              </value>
            </param>
          </params>
          <reporter-output>
          </reporter-output>
        </test-method> <!-- modifyContactFromDetails -->
        <test-method status="PASS" signature="modifyContactFromDetails(com.example.tests.ContactData)[pri:0, instance:com.example.tests.ContactModificationTests@76566fb]" name="modifyContactFromDetails" duration-ms="5094" started-at="2014-09-29T20:11:08Z" data-provider="randomValidContactGenerator" finished-at="2014-09-29T20:11:13Z">
          <params>
            <param index="0">
              <value>
                <![CDATA[ContactData [firstName=test-1976454101, lastName=test22093541, address=test-1088980401, homePhone=, mobilePhone=test2121054064, workPhone=test-1376603060, email=test153964533, secondEmail=test-2010288509, year=1256, secondaryAddress=, secondaryPhone=]]]>
              </value>
            </param>
          </params>
          <reporter-output>
          </reporter-output>
        </test-method> <!-- modifyContactFromDetails -->
        <test-method status="PASS" signature="modifyContactFromMainPage(com.example.tests.ContactData)[pri:0, instance:com.example.tests.ContactModificationTests@76566fb]" name="modifyContactFromMainPage" duration-ms="7489" started-at="2014-09-29T20:11:13Z" data-provider="randomValidContactGenerator" finished-at="2014-09-29T20:11:21Z">
          <params>
            <param index="0">
              <value>
                <![CDATA[ContactData [firstName=test1550569103, lastName=test446108185, address=test-1034195563, homePhone=test1088621568, mobilePhone=test-1099036541, workPhone=test151021976, email=test-1128235267, secondEmail=test-1076649604, year=1776, secondaryAddress=test-1340678355, secondaryPhone=]]]>
              </value>
            </param>
          </params>
          <reporter-output>
          </reporter-output>
        </test-method> <!-- modifyContactFromMainPage -->
        <test-method status="PASS" signature="modifyContactFromMainPage(com.example.tests.ContactData)[pri:0, instance:com.example.tests.ContactModificationTests@76566fb]" name="modifyContactFromMainPage" duration-ms="4114" started-at="2014-09-29T20:11:21Z" data-provider="randomValidContactGenerator" finished-at="2014-09-29T20:11:25Z">
          <params>
            <param index="0">
              <value>
                <![CDATA[ContactData [firstName=test-1663944847, lastName=test525304225, address=, homePhone=test-1257029681, mobilePhone=, workPhone=, email=, secondEmail=, year=952, secondaryAddress=, secondaryPhone=test-777431544]]]>
              </value>
            </param>
          </params>
          <reporter-output>
          </reporter-output>
        </test-method> <!-- modifyContactFromMainPage -->
        <test-method status="PASS" signature="modifyContactFromMainPage(com.example.tests.ContactData)[pri:0, instance:com.example.tests.ContactModificationTests@76566fb]" name="modifyContactFromMainPage" duration-ms="4755" started-at="2014-09-29T20:11:25Z" data-provider="randomValidContactGenerator" finished-at="2014-09-29T20:11:30Z">
          <params>
            <param index="0">
              <value>
                <![CDATA[ContactData [firstName=test-1401177179, lastName=test-1708636692, address=test-1637001103, homePhone=, mobilePhone=test-1975963698, workPhone=, email=test-1554367164, secondEmail=test466183296, year=1763, secondaryAddress=, secondaryPhone=test1046868155]]]>
              </value>
            </param>
          </params>
          <reporter-output>
          </reporter-output>
        </test-method> <!-- modifyContactFromMainPage -->
        <test-method status="PASS" signature="modifyContactFromMainPage(com.example.tests.ContactData)[pri:0, instance:com.example.tests.ContactModificationTests@76566fb]" name="modifyContactFromMainPage" duration-ms="5650" started-at="2014-09-29T20:11:30Z" data-provider="randomValidContactGenerator" finished-at="2014-09-29T20:11:35Z">
          <params>
            <param index="0">
              <value>
                <![CDATA[ContactData [firstName=, lastName=, address=, homePhone=test1092233593, mobilePhone=, workPhone=test1986978727, email=test-1418600417, secondEmail=test-228075417, year=72, secondaryAddress=, secondaryPhone=test-759507115]]]>
              </value>
            </param>
          </params>
          <reporter-output>
          </reporter-output>
        </test-method> <!-- modifyContactFromMainPage -->
        <test-method status="PASS" signature="modifyContactFromMainPage(com.example.tests.ContactData)[pri:0, instance:com.example.tests.ContactModificationTests@76566fb]" name="modifyContactFromMainPage" duration-ms="5287" started-at="2014-09-29T20:11:35Z" data-provider="randomValidContactGenerator" finished-at="2014-09-29T20:11:41Z">
          <params>
            <param index="0">
              <value>
                <![CDATA[ContactData [firstName=test1075208725, lastName=, address=test-714270191, homePhone=, mobilePhone=test-159166181, workPhone=test1661521936, email=, secondEmail=test1831279955, year=1597, secondaryAddress=test746401841, secondaryPhone=]]]>
              </value>
            </param>
          </params>
          <reporter-output>
          </reporter-output>
        </test-method> <!-- modifyContactFromMainPage -->
      </class> <!-- com.example.tests.ContactModificationTests -->
      <class name="com.example.tests.ContactCreation">
        <test-method status="PASS" signature="createContactWithValidData(com.example.tests.ContactData)[pri:0, instance:com.example.tests.ContactCreation@124bec88]" name="createContactWithValidData" duration-ms="6974" started-at="2014-09-29T20:09:48Z" data-provider="randomValidContactGenerator" finished-at="2014-09-29T20:09:55Z">
          <params>
            <param index="0">
              <value>
                <![CDATA[ContactData [firstName=, lastName=test217387518, address=test-1783136996, homePhone=test-970433058, mobilePhone=, workPhone=, email=, secondEmail=, year=1451, secondaryAddress=test51156175, secondaryPhone=]]]>
              </value>
            </param>
          </params>
          <reporter-output>
          </reporter-output>
        </test-method> <!-- createContactWithValidData -->
        <test-method status="PASS" signature="createContactWithValidData(com.example.tests.ContactData)[pri:0, instance:com.example.tests.ContactCreation@124bec88]" name="createContactWithValidData" duration-ms="4719" started-at="2014-09-29T20:09:55Z" data-provider="randomValidContactGenerator" finished-at="2014-09-29T20:10:00Z">
          <params>
            <param index="0">
              <value>
                <![CDATA[ContactData [firstName=, lastName=test432838595, address=, homePhone=test-992927075, mobilePhone=test-2067352580, workPhone=test1525348801, email=, secondEmail=, year=1118, secondaryAddress=test-631677770, secondaryPhone=]]]>
              </value>
            </param>
          </params>
          <reporter-output>
          </reporter-output>
        </test-method> <!-- createContactWithValidData -->
        <test-method status="PASS" signature="createContactWithValidData(com.example.tests.ContactData)[pri:0, instance:com.example.tests.ContactCreation@124bec88]" name="createContactWithValidData" duration-ms="4716" started-at="2014-09-29T20:10:00Z" data-provider="randomValidContactGenerator" finished-at="2014-09-29T20:10:04Z">
          <params>
            <param index="0">
              <value>
                <![CDATA[ContactData [firstName=, lastName=, address=test-1231764712, homePhone=test-714574395, mobilePhone=, workPhone=test1880420050, email=test-2080141831, secondEmail=, year=1255, secondaryAddress=test1360607574, secondaryPhone=test-302827996]]]>
              </value>
            </param>
          </params>
          <reporter-output>
          </reporter-output>
        </test-method> <!-- createContactWithValidData -->
        <test-method status="PASS" signature="createContactWithValidData(com.example.tests.ContactData)[pri:0, instance:com.example.tests.ContactCreation@124bec88]" name="createContactWithValidData" duration-ms="6222" started-at="2014-09-29T20:10:04Z" data-provider="randomValidContactGenerator" finished-at="2014-09-29T20:10:10Z">
          <params>
            <param index="0">
              <value>
                <![CDATA[ContactData [firstName=, lastName=test1419395292, address=, homePhone=test-1437227421, mobilePhone=, workPhone=test966214031, email=test-1403574416, secondEmail=test863134839, year=1646, secondaryAddress=test2139044204, secondaryPhone=test-585756251]]]>
              </value>
            </param>
          </params>
          <reporter-output>
          </reporter-output>
        </test-method> <!-- createContactWithValidData -->
        <test-method status="PASS" signature="createContactWithValidData(com.example.tests.ContactData)[pri:0, instance:com.example.tests.ContactCreation@124bec88]" name="createContactWithValidData" duration-ms="4995" started-at="2014-09-29T20:10:10Z" data-provider="randomValidContactGenerator" finished-at="2014-09-29T20:10:15Z">
          <params>
            <param index="0">
              <value>
                <![CDATA[ContactData [firstName=test1350107641, lastName=test-1123516082, address=, homePhone=, mobilePhone=test172361590, workPhone=, email=test-1804543119, secondEmail=, year=272, secondaryAddress=test1952402313, secondaryPhone=test1336952445]]]>
              </value>
            </param>
          </params>
          <reporter-output>
          </reporter-output>
        </test-method> <!-- createContactWithValidData -->
      </class> <!-- com.example.tests.ContactCreation -->
      <class name="com.example.tests.GroupModificationTests">
        <test-method status="PASS" signature="modifyGroup(com.example.tests.GroupData)[pri:0, instance:com.example.tests.GroupModificationTests@3b293677]" name="modifyGroup" duration-ms="2816" started-at="2014-09-29T20:10:17Z" data-provider="randomValidGroupGenerator" finished-at="2014-09-29T20:10:20Z">
          <params>
            <param index="0">
              <value>
                <![CDATA[GroupData [groupname=test1805222971, header=test-1695318642, footer=test-344129970]]]>
              </value>
            </param>
          </params>
          <reporter-output>
          </reporter-output>
        </test-method> <!-- modifyGroup -->
        <test-method status="PASS" signature="modifyGroup(com.example.tests.GroupData)[pri:0, instance:com.example.tests.GroupModificationTests@3b293677]" name="modifyGroup" duration-ms="2667" started-at="2014-09-29T20:10:20Z" data-provider="randomValidGroupGenerator" finished-at="2014-09-29T20:10:23Z">
          <params>
            <param index="0">
              <value>
                <![CDATA[GroupData [groupname=test683620039, header=test-951493011, footer=test21043302]]]>
              </value>
            </param>
          </params>
          <reporter-output>
          </reporter-output>
        </test-method> <!-- modifyGroup -->
        <test-method status="PASS" signature="modifyGroup(com.example.tests.GroupData)[pri:0, instance:com.example.tests.GroupModificationTests@3b293677]" name="modifyGroup" duration-ms="2626" started-at="2014-09-29T20:10:23Z" data-provider="randomValidGroupGenerator" finished-at="2014-09-29T20:10:25Z">
          <params>
            <param index="0">
              <value>
                <![CDATA[GroupData [groupname=test-1225365500, header=, footer=test-317123529]]]>
              </value>
            </param>
          </params>
          <reporter-output>
          </reporter-output>
        </test-method> <!-- modifyGroup -->
        <test-method status="PASS" signature="modifyGroup(com.example.tests.GroupData)[pri:0, instance:com.example.tests.GroupModificationTests@3b293677]" name="modifyGroup" duration-ms="2358" started-at="2014-09-29T20:10:25Z" data-provider="randomValidGroupGenerator" finished-at="2014-09-29T20:10:28Z">
          <params>
            <param index="0">
              <value>
                <![CDATA[GroupData [groupname=, header=, footer=test-1686614640]]]>
              </value>
            </param>
          </params>
          <reporter-output>
          </reporter-output>
        </test-method> <!-- modifyGroup -->
        <test-method status="PASS" signature="modifyGroup(com.example.tests.GroupData)[pri:0, instance:com.example.tests.GroupModificationTests@3b293677]" name="modifyGroup" duration-ms="2663" started-at="2014-09-29T20:10:28Z" data-provider="randomValidGroupGenerator" finished-at="2014-09-29T20:10:30Z">
          <params>
            <param index="0">
              <value>
                <![CDATA[GroupData [groupname=test580982228, header=test-1301145537, footer=]]]>
              </value>
            </param>
          </params>
          <reporter-output>
          </reporter-output>
        </test-method> <!-- modifyGroup -->
      </class> <!-- com.example.tests.GroupModificationTests -->
    </test> <!-- Default test -->
  </suite> <!-- Default suite -->
</testng-results>
