<?xml version="1.0" encoding="UTF-8"?>
<testng-results skipped="0" failed="0" total="2" passed="2">
  <reporter-output>
  </reporter-output>
  <suite name="Default suite" duration-ms="15704" started-at="2014-07-28T17:06:34Z" finished-at="2014-07-28T17:06:49Z">
    <groups>
    </groups>
    <test name="Default test" duration-ms="15704" started-at="2014-07-28T17:06:34Z" finished-at="2014-07-28T17:06:49Z">
      <class name="com.example.tests.GroupCreationTests">
        <test-method status="PASS" signature="setUp()[pri:0, instance:com.example.tests.GroupCreationTests@f598d5f]" name="setUp" is-config="true" duration-ms="10246" started-at="2014-07-28T21:06:34Z" finished-at="2014-07-28T21:06:44Z">
          <reporter-output>
          </reporter-output>
        </test-method> <!-- setUp -->
        <test-method status="PASS" signature="createEmptyGroup()[pri:0, instance:com.example.tests.GroupCreationTests@f598d5f]" name="createEmptyGroup" duration-ms="2777" started-at="2014-07-28T21:06:44Z" finished-at="2014-07-28T21:06:47Z">
          <reporter-output>
          </reporter-output>
        </test-method> <!-- createEmptyGroup -->
        <test-method status="PASS" signature="createNonEmptyGroup()[pri:0, instance:com.example.tests.GroupCreationTests@f598d5f]" name="createNonEmptyGroup" duration-ms="2435" started-at="2014-07-28T21:06:47Z" finished-at="2014-07-28T21:06:49Z">
          <reporter-output>
          </reporter-output>
        </test-method> <!-- createNonEmptyGroup -->
        <test-method status="PASS" signature="tearDown()[pri:0, instance:com.example.tests.GroupCreationTests@f598d5f]" name="tearDown" is-config="true" duration-ms="234" started-at="2014-07-28T21:06:49Z" finished-at="2014-07-28T21:06:49Z">
          <reporter-output>
          </reporter-output>
        </test-method> <!-- tearDown -->
      </class> <!-- com.example.tests.GroupCreationTests -->
    </test> <!-- Default test -->
  </suite> <!-- Default suite -->
</testng-results>
