<?xml version="1.0" encoding="UTF-8"?>
<!-- Generated by org.testng.reporters.JUnitXMLReporter -->
<testsuite hostname="home-pc" name="Default test" tests="4" failures="0" timestamp="3 Aug 2014 07:12:37 GMT" time="19.778" errors="0">
  <testcase name="testContactCreation" time="6.791" classname="com.example.tests.ContactCreation"/>
  <testcase name="testEmptyContactCreation" time="2.277" classname="com.example.tests.ContactCreation"/>
  <testcase name="createEmptyGroup" time="1.418" classname="com.example.tests.GroupCreationTests"/>
  <testcase name="createNonEmptyGroup" time="1.334" classname="com.example.tests.GroupCreationTests"/>
</testsuite> <!-- Default test -->
