<?xml version="1.0" encoding="UTF-8"?>
<!-- Generated by org.testng.reporters.JUnitXMLReporter -->
<testsuite hostname="home-pc" name="Default test" tests="27" failures="0" timestamp="29 Sep 2014 16:11:42 GMT" time="123.805" errors="0">
  <testcase name="createContactWithValidData" time="6.974" classname="com.example.tests.ContactCreation"/>
  <testcase name="createContactWithValidData" time="4.719" classname="com.example.tests.ContactCreation"/>
  <testcase name="createContactWithValidData" time="4.716" classname="com.example.tests.ContactCreation"/>
  <testcase name="createContactWithValidData" time="6.222" classname="com.example.tests.ContactCreation"/>
  <testcase name="createContactWithValidData" time="4.995" classname="com.example.tests.ContactCreation"/>
  <testcase name="deleteGroup" time="1.618" classname="com.example.tests.GroupRemovalTests"/>
  <testcase name="modifyGroup" time="2.816" classname="com.example.tests.GroupModificationTests"/>
  <testcase name="modifyGroup" time="2.667" classname="com.example.tests.GroupModificationTests"/>
  <testcase name="modifyGroup" time="2.626" classname="com.example.tests.GroupModificationTests"/>
  <testcase name="modifyGroup" time="2.358" classname="com.example.tests.GroupModificationTests"/>
  <testcase name="modifyGroup" time="2.663" classname="com.example.tests.GroupModificationTests"/>
  <testcase name="deleteContact" time="2.735" classname="com.example.tests.ContactRemovalTests"/>
  <testcase name="createGroupWithValidData" time="2.544" classname="com.example.tests.GroupCreationTests"/>
  <testcase name="createGroupWithValidData" time="2.497" classname="com.example.tests.GroupCreationTests"/>
  <testcase name="createGroupWithValidData" time="2.47" classname="com.example.tests.GroupCreationTests"/>
  <testcase name="createGroupWithValidData" time="2.513" classname="com.example.tests.GroupCreationTests"/>
  <testcase name="createGroupWithValidData" time="2.519" classname="com.example.tests.GroupCreationTests"/>
  <testcase name="modifyContactFromDetails" time="5.957" classname="com.example.tests.ContactModificationTests"/>
  <testcase name="modifyContactFromDetails" time="6.362" classname="com.example.tests.ContactModificationTests"/>
  <testcase name="modifyContactFromDetails" time="5.083" classname="com.example.tests.ContactModificationTests"/>
  <testcase name="modifyContactFromDetails" time="5.443" classname="com.example.tests.ContactModificationTests"/>
  <testcase name="modifyContactFromDetails" time="5.094" classname="com.example.tests.ContactModificationTests"/>
  <testcase name="modifyContactFromMainPage" time="7.489" classname="com.example.tests.ContactModificationTests"/>
  <testcase name="modifyContactFromMainPage" time="4.114" classname="com.example.tests.ContactModificationTests"/>
  <testcase name="modifyContactFromMainPage" time="4.755" classname="com.example.tests.ContactModificationTests"/>
  <testcase name="modifyContactFromMainPage" time="5.65" classname="com.example.tests.ContactModificationTests"/>
  <testcase name="modifyContactFromMainPage" time="5.287" classname="com.example.tests.ContactModificationTests"/>
</testsuite> <!-- Default test -->
